<?xml version="1.0" encoding="UTF-8"?>
<testng-results skipped="0" failed="0" ignored="0" total="1" passed="1">
  <reporter-output>
  </reporter-output>
  <suite name="Suite" duration-ms="24535" started-at="2019-01-17T12:28:24Z" finished-at="2019-01-17T12:28:49Z">
    <groups>
    </groups>
    <test name="Test" duration-ms="24535" started-at="2019-01-17T12:28:24Z" finished-at="2019-01-17T12:28:49Z">
      <class name="com.crm.qa.test.ContactPageTest">
        <test-method status="PASS" signature="initialization()[pri:0, instance:com.crm.qa.test.ContactPageTest@6b81ce95]" name="initialization" is-config="true" duration-ms="18826" started-at="2019-01-17T12:28:24Z" finished-at="2019-01-17T12:28:43Z">
          <reporter-output>
          </reporter-output>
        </test-method> <!-- initialization -->
        <test-method status="PASS" signature="addNewContactTest(java.lang.String, java.lang.String, java.lang.String, java.lang.String)[pri:1, instance:com.crm.qa.test.ContactPageTest@6b81ce95]" name="addNewContactTest" duration-ms="5469" started-at="2019-01-17T12:28:43Z" data-provider="provideTestData" finished-at="2019-01-17T12:28:49Z">
          <params>
            <param index="0">
              <value>
                <![CDATA[Mr.]]>
              </value>
            </param>
            <param index="1">
              <value>
                <![CDATA[test1234567]]>
              </value>
            </param>
            <param index="2">
              <value>
                <![CDATA[test123456789]]>
              </value>
            </param>
            <param index="3">
              <value>
                <![CDATA[Tieto]]>
              </value>
            </param>
          </params>
          <reporter-output>
          </reporter-output>
        </test-method> <!-- addNewContactTest -->
        <test-method status="PASS" signature="tearDown()[pri:0, instance:com.crm.qa.test.ContactPageTest@6b81ce95]" name="tearDown" is-config="true" duration-ms="212" started-at="2019-01-17T12:28:49Z" finished-at="2019-01-17T12:28:49Z">
          <reporter-output>
          </reporter-output>
        </test-method> <!-- tearDown -->
      </class> <!-- com.crm.qa.test.ContactPageTest -->
    </test> <!-- Test -->
  </suite> <!-- Suite -->
</testng-results>
